<?xml version="1.0" encoding="UTF-8"?>
<!-- Generated by org.testng.reporters.JUnitReportReporter -->
<testsuite hostname="BIKSHAMRAJNAMMA" failures="0" tests="1" name="TestRunner.loginRunner" time="4.485" errors="0" timestamp="04 Jul 2024 18:07:53 GMT" skipped="0">
  <testcase classname="TestRunner.loginRunner" name="runScenario" time="4.485"/>
</testsuite> <!-- TestRunner.loginRunner -->
